<?xml version="1.0" encoding="UTF-8"?>
<!-- Generated by org.testng.reporters.JUnitReportReporter -->
<testsuite hostname="DESKTOP-PGT3DU5" failures="0" tests="1" name="WorkingWithTestNG.Example_TestAnnotation" time="0.243" errors="0" timestamp="2024-05-21T12:11:35 IST" skipped="0">
  <testcase classname="WorkingWithTestNG.Example_TestAnnotation" name="testCase" time="0.243"/>
  <system-out/>
</testsuite> <!-- WorkingWithTestNG.Example_TestAnnotation -->
