<?xml version="1.0" encoding="UTF-8"?>
<!-- Generated by org.testng.reporters.JUnitReportReporter -->
<testsuite hostname="DESKTOP-PGT3DU5" failures="0" tests="5" name="WorkingWithTestNG.Example_MultipleTestAnnotation" time="0.383" errors="0" timestamp="2024-05-23T11:59:29 IST" skipped="0">
  <testcase classname="WorkingWithTestNG.Example_MultipleTestAnnotation" name="register" time="0.016"/>
  <system-out/>
  <testcase classname="WorkingWithTestNG.Example_MultipleTestAnnotation" name="logout" time="0.014"/>
  <system-out/>
  <testcase classname="WorkingWithTestNG.Example_MultipleTestAnnotation" name="login" time="0.016"/>
  <system-out/>
  <testcase classname="WorkingWithTestNG.Example_MultipleTestAnnotation" name="addProductToCart" time="0.171"/>
  <system-out/>
  <testcase classname="WorkingWithTestNG.Example_MultipleTestAnnotation" name="placeOrder" time="0.166"/>
  <system-out/>
</testsuite> <!-- WorkingWithTestNG.Example_MultipleTestAnnotation -->
